2024-01-08 01:29:48,540 INFO Set uid to user 0 succeeded
2024-01-08 01:29:48,545 CRIT Server 'unix_http_server' running without any HTTP authentication checking
2024-01-08 01:29:48,548 INFO supervisord started with pid 1
2024-01-08 01:29:49,551 INFO spawned: 'nginx' with pid 7
2024-01-08 01:29:49,553 INFO spawned: 'php-fpm' with pid 8
2024-01-08 01:29:50,580 INFO success: nginx entered RUNNING state, process has stayed up for > than 1 seconds (startsecs)
2024-01-08 01:29:50,580 INFO success: php-fpm entered RUNNING state, process has stayed up for > than 1 seconds (startsecs)
2024-01-08 01:30:36,763 WARN received SIGQUIT indicating exit request
2024-01-08 01:30:36,764 INFO waiting for nginx, php-fpm to die
2024-01-08 01:30:36,774 INFO stopped: php-fpm (exit status 0)
2024-01-08 01:30:36,888 INFO stopped: nginx (exit status 0)
2024-01-08 01:33:22,567 INFO Set uid to user 0 succeeded
2024-01-08 01:33:22,573 CRIT Server 'unix_http_server' running without any HTTP authentication checking
2024-01-08 01:33:22,575 INFO supervisord started with pid 1
2024-01-08 01:33:23,578 INFO spawned: 'nginx' with pid 7
2024-01-08 01:33:23,581 INFO spawned: 'php-fpm' with pid 8
2024-01-08 01:33:24,620 INFO success: nginx entered RUNNING state, process has stayed up for > than 1 seconds (startsecs)
2024-01-08 01:33:24,620 INFO success: php-fpm entered RUNNING state, process has stayed up for > than 1 seconds (startsecs)
2024-01-08 01:35:44,276 WARN received SIGQUIT indicating exit request
2024-01-08 01:35:44,277 INFO waiting for nginx, php-fpm to die
2024-01-08 01:35:44,295 INFO stopped: php-fpm (exit status 0)
2024-01-08 01:35:44,396 INFO stopped: nginx (exit status 0)
2024-01-08 01:38:58,497 INFO Set uid to user 0 succeeded
2024-01-08 01:38:58,502 CRIT Server 'unix_http_server' running without any HTTP authentication checking
2024-01-08 01:38:58,504 INFO supervisord started with pid 1
2024-01-08 01:38:59,507 INFO spawned: 'nginx' with pid 7
2024-01-08 01:38:59,510 INFO spawned: 'php-fpm' with pid 8
2024-01-08 01:39:00,537 INFO success: nginx entered RUNNING state, process has stayed up for > than 1 seconds (startsecs)
2024-01-08 01:39:00,537 INFO success: php-fpm entered RUNNING state, process has stayed up for > than 1 seconds (startsecs)
2024-01-08 01:40:47,707 INFO reaped unknown pid 36 (exit status 0)
2024-01-08 01:42:51,876 WARN received SIGQUIT indicating exit request
2024-01-08 01:42:51,877 INFO waiting for nginx, php-fpm to die
2024-01-08 01:42:51,885 INFO stopped: php-fpm (exit status 0)
2024-01-08 01:42:52,014 INFO stopped: nginx (exit status 0)
2024-01-08 01:47:28,012 INFO Set uid to user 0 succeeded
2024-01-08 01:47:28,020 CRIT Server 'unix_http_server' running without any HTTP authentication checking
2024-01-08 01:47:28,023 INFO supervisord started with pid 1
2024-01-08 01:47:29,026 INFO spawned: 'nginx' with pid 7
2024-01-08 01:47:29,042 INFO spawned: 'php-fpm' with pid 8
2024-01-08 01:47:30,124 INFO success: nginx entered RUNNING state, process has stayed up for > than 1 seconds (startsecs)
2024-01-08 01:47:30,124 INFO success: php-fpm entered RUNNING state, process has stayed up for > than 1 seconds (startsecs)
2024-01-08 01:49:30,301 WARN received SIGQUIT indicating exit request
2024-01-08 01:49:30,302 INFO waiting for nginx, php-fpm to die
2024-01-08 01:49:30,317 INFO stopped: php-fpm (exit status 0)
2024-01-08 01:49:30,459 INFO stopped: nginx (exit status 0)
2024-01-08 01:49:38,256 INFO Set uid to user 0 succeeded
2024-01-08 01:49:38,261 CRIT Server 'unix_http_server' running without any HTTP authentication checking
2024-01-08 01:49:38,264 INFO supervisord started with pid 1
2024-01-08 01:49:39,267 INFO spawned: 'nginx' with pid 7
2024-01-08 01:49:39,269 INFO spawned: 'php-fpm' with pid 8
2024-01-08 01:49:40,308 INFO success: nginx entered RUNNING state, process has stayed up for > than 1 seconds (startsecs)
2024-01-08 01:49:40,309 INFO success: php-fpm entered RUNNING state, process has stayed up for > than 1 seconds (startsecs)
2024-01-08 01:50:23,835 WARN received SIGQUIT indicating exit request
2024-01-08 01:50:23,836 INFO waiting for nginx, php-fpm to die
2024-01-08 01:50:23,845 INFO stopped: php-fpm (exit status 0)
2024-01-08 01:50:23,970 INFO stopped: nginx (exit status 0)
2024-01-08 01:51:17,747 INFO Set uid to user 0 succeeded
2024-01-08 01:51:17,753 CRIT Server 'unix_http_server' running without any HTTP authentication checking
2024-01-08 01:51:17,756 INFO supervisord started with pid 1
2024-01-08 01:51:18,759 INFO spawned: 'nginx' with pid 7
2024-01-08 01:51:18,761 INFO spawned: 'php-fpm' with pid 8
2024-01-08 01:51:19,783 INFO success: nginx entered RUNNING state, process has stayed up for > than 1 seconds (startsecs)
2024-01-08 01:51:19,783 INFO success: php-fpm entered RUNNING state, process has stayed up for > than 1 seconds (startsecs)
2024-01-08 01:53:55,841 WARN received SIGQUIT indicating exit request
2024-01-08 01:53:55,842 INFO waiting for nginx, php-fpm to die
2024-01-08 01:53:55,853 INFO stopped: php-fpm (exit status 0)
2024-01-08 01:53:55,946 INFO stopped: nginx (exit status 0)
2024-01-08 01:57:08,928 INFO Set uid to user 0 succeeded
2024-01-08 01:57:08,937 CRIT Server 'unix_http_server' running without any HTTP authentication checking
2024-01-08 01:57:08,942 INFO supervisord started with pid 1
2024-01-08 01:57:09,945 INFO spawned: 'nginx' with pid 7
2024-01-08 01:57:09,949 INFO spawned: 'php-fpm' with pid 8
2024-01-08 01:57:10,992 INFO success: nginx entered RUNNING state, process has stayed up for > than 1 seconds (startsecs)
2024-01-08 01:57:10,992 INFO success: php-fpm entered RUNNING state, process has stayed up for > than 1 seconds (startsecs)
2024-01-08 02:59:08,919 WARN received SIGQUIT indicating exit request
2024-01-08 02:59:08,920 INFO waiting for nginx, php-fpm to die
2024-01-08 02:59:08,941 INFO stopped: php-fpm (exit status 0)
2024-01-08 02:59:09,065 INFO stopped: nginx (exit status 0)
2024-01-08 03:03:50,747 INFO Set uid to user 0 succeeded
2024-01-08 03:03:50,757 CRIT Server 'unix_http_server' running without any HTTP authentication checking
2024-01-08 03:03:50,762 INFO supervisord started with pid 1
2024-01-08 03:03:51,765 INFO spawned: 'nginx' with pid 7
2024-01-08 03:03:51,768 INFO spawned: 'php-fpm' with pid 8
2024-01-08 03:03:52,804 INFO success: nginx entered RUNNING state, process has stayed up for > than 1 seconds (startsecs)
2024-01-08 03:03:52,804 INFO success: php-fpm entered RUNNING state, process has stayed up for > than 1 seconds (startsecs)
